
*** Running vivado
    with args -log design_1_AXI4Stream_OverflowC_0_1.vds -m64 -product Vivado -mode batch -messageDb vivado.pb -notrace -source design_1_AXI4Stream_OverflowC_0_1.tcl


****** Vivado v2020.2 (64-bit)
  **** SW Build 3064766 on Wed Nov 18 09:12:47 MST 2020
  **** IP Build 3064653 on Wed Nov 18 14:17:31 MST 2020
    ** Copyright 1986-2020 Xilinx, Inc. All Rights Reserved.

source design_1_AXI4Stream_OverflowC_0_1.tcl -notrace
INFO: [IP_Flow 19-234] Refreshing IP repositories
INFO: [IP_Flow 19-1700] Loaded user IP repository '/home/mconsonni/Utility_Ip_Core'.
INFO: [IP_Flow 19-2313] Loaded Vivado IP repository '/opt/Xilinx/Vivado/2020.2/data/ip'.
Command: synth_design -top design_1_AXI4Stream_OverflowC_0_1 -part xcku040-ffva1156-2-e -mode out_of_context
Starting synth_design
Attempting to get a license for feature 'Synthesis' and/or device 'xcku040'
INFO: [Common 17-349] Got license for feature 'Synthesis' and/or device 'xcku040'
INFO: [Common 17-1540] The version limit for your license is '2021.05' and has expired for new software. A version limit expiration means that, although you may be able to continue to use the current version of tools or IP with this license, you will not be eligible for any updates or new releases.
INFO: [Device 21-403] Loading part xcku040-ffva1156-2-e
INFO: [Synth 8-7079] Multithreading enabled for synth_design using a maximum of 4 processes.
INFO: [Synth 8-7078] Launching helper process for spawning children vivado processes
INFO: [Synth 8-7075] Helper process launched with PID 224863
---------------------------------------------------------------------------------
Starting RTL Elaboration : Time (s): cpu = 00:00:02 ; elapsed = 00:00:03 . Memory (MB): peak = 2595.457 ; gain = 169.719 ; free physical = 870 ; free virtual = 7073
---------------------------------------------------------------------------------
INFO: [Synth 8-638] synthesizing module 'design_1_AXI4Stream_OverflowC_0_1' [/home/mconsonni/Desktop/Tesi/Projects/SETUP_DSP_KCU/SETUP_DSP_KCU.gen/sources_1/bd/design_1/ip/design_1_AXI4Stream_OverflowC_0_1/synth/design_1_AXI4Stream_OverflowC_0_1.vhd:68]
	Parameter BIT_FID bound to: 2 - type: integer 
	Parameter BIT_COARSE_CEC bound to: 4 - type: integer 
	Parameter BIT_COARSE bound to: 8 - type: integer 
	Parameter BIT_RESOLUTION bound to: 16 - type: integer 
INFO: [Synth 8-3491] module 'AXI4Stream_OverflowCounter' declared at '/home/mconsonni/Desktop/Tesi/Projects/SETUP_DSP_KCU/SETUP_DSP_KCU.gen/sources_1/bd/design_1/ipshared/3364/hdl/AXI4Stream_OverflowCounter.vhd:82' bound to instance 'U0' of component 'AXI4Stream_OverflowCounter' [/home/mconsonni/Desktop/Tesi/Projects/SETUP_DSP_KCU/SETUP_DSP_KCU.gen/sources_1/bd/design_1/ip/design_1_AXI4Stream_OverflowC_0_1/synth/design_1_AXI4Stream_OverflowC_0_1.vhd:109]
INFO: [Synth 8-638] synthesizing module 'AXI4Stream_OverflowCounter' [/home/mconsonni/Desktop/Tesi/Projects/SETUP_DSP_KCU/SETUP_DSP_KCU.gen/sources_1/bd/design_1/ipshared/3364/hdl/AXI4Stream_OverflowCounter.vhd:130]
	Parameter BIT_FID bound to: 2 - type: integer 
	Parameter BIT_COARSE_CEC bound to: 4 - type: integer 
	Parameter BIT_COARSE bound to: 8 - type: integer 
	Parameter BIT_RESOLUTION bound to: 16 - type: integer 
	Parameter BIT_FID bound to: 2 - type: integer 
	Parameter BIT_COARSE_CEC bound to: 4 - type: integer 
	Parameter BIT_COARSE bound to: 8 - type: integer 
	Parameter BIT_RESOLUTION bound to: 16 - type: integer 
INFO: [Synth 8-3491] module 'AXI4Stream_OverflowCounterWrapper' declared at '/home/mconsonni/Desktop/Tesi/Projects/SETUP_DSP_KCU/SETUP_DSP_KCU.gen/sources_1/bd/design_1/ipshared/3364/hdl/AXI4Stream_OverflowCounterWrapper.vhd:74' bound to instance 'Inst_AXI4Stream_OverflowCounterWrapper' of component 'AXI4Stream_OverflowCounterWrapper' [/home/mconsonni/Desktop/Tesi/Projects/SETUP_DSP_KCU/SETUP_DSP_KCU.gen/sources_1/bd/design_1/ipshared/3364/hdl/AXI4Stream_OverflowCounter.vhd:193]
INFO: [Synth 8-638] synthesizing module 'AXI4Stream_OverflowCounterWrapper' [/home/mconsonni/Desktop/Tesi/Projects/SETUP_DSP_KCU/SETUP_DSP_KCU.gen/sources_1/bd/design_1/ipshared/3364/hdl/AXI4Stream_OverflowCounterWrapper.vhd:120]
	Parameter BIT_FID bound to: 2 - type: integer 
	Parameter BIT_COARSE_CEC bound to: 4 - type: integer 
	Parameter BIT_COARSE bound to: 8 - type: integer 
	Parameter BIT_RESOLUTION bound to: 16 - type: integer 
	Parameter BIT_FID bound to: 2 - type: integer 
	Parameter BIT_COARSE_IN bound to: 4 - type: integer 
	Parameter BIT_COARSE_OUT bound to: 8 - type: integer 
	Parameter BIT_RESOLUTION bound to: 16 - type: integer 
INFO: [Synth 8-3491] module 'OverflowCounter' declared at '/home/mconsonni/Desktop/Tesi/Projects/SETUP_DSP_KCU/SETUP_DSP_KCU.gen/sources_1/bd/design_1/ipshared/3364/hdl/OverflowCounter.vhd:72' bound to instance 'Inst_OverflowCounter' of component 'OverflowCounter' [/home/mconsonni/Desktop/Tesi/Projects/SETUP_DSP_KCU/SETUP_DSP_KCU.gen/sources_1/bd/design_1/ipshared/3364/hdl/AXI4Stream_OverflowCounterWrapper.vhd:176]
INFO: [Synth 8-638] synthesizing module 'OverflowCounter' [/home/mconsonni/Desktop/Tesi/Projects/SETUP_DSP_KCU/SETUP_DSP_KCU.gen/sources_1/bd/design_1/ipshared/3364/hdl/OverflowCounter.vhd:125]
	Parameter BIT_FID bound to: 2 - type: integer 
	Parameter BIT_COARSE_IN bound to: 4 - type: integer 
	Parameter BIT_COARSE_OUT bound to: 8 - type: integer 
	Parameter BIT_RESOLUTION bound to: 16 - type: integer 
INFO: [Synth 8-256] done synthesizing module 'OverflowCounter' (1#1) [/home/mconsonni/Desktop/Tesi/Projects/SETUP_DSP_KCU/SETUP_DSP_KCU.gen/sources_1/bd/design_1/ipshared/3364/hdl/OverflowCounter.vhd:125]
INFO: [Synth 8-256] done synthesizing module 'AXI4Stream_OverflowCounterWrapper' (2#1) [/home/mconsonni/Desktop/Tesi/Projects/SETUP_DSP_KCU/SETUP_DSP_KCU.gen/sources_1/bd/design_1/ipshared/3364/hdl/AXI4Stream_OverflowCounterWrapper.vhd:120]
INFO: [Synth 8-256] done synthesizing module 'AXI4Stream_OverflowCounter' (3#1) [/home/mconsonni/Desktop/Tesi/Projects/SETUP_DSP_KCU/SETUP_DSP_KCU.gen/sources_1/bd/design_1/ipshared/3364/hdl/AXI4Stream_OverflowCounter.vhd:130]
INFO: [Synth 8-256] done synthesizing module 'design_1_AXI4Stream_OverflowC_0_1' (4#1) [/home/mconsonni/Desktop/Tesi/Projects/SETUP_DSP_KCU/SETUP_DSP_KCU.gen/sources_1/bd/design_1/ip/design_1_AXI4Stream_OverflowC_0_1/synth/design_1_AXI4Stream_OverflowC_0_1.vhd:68]
---------------------------------------------------------------------------------
Finished RTL Elaboration : Time (s): cpu = 00:00:03 ; elapsed = 00:00:04 . Memory (MB): peak = 2641.363 ; gain = 215.625 ; free physical = 1654 ; free virtual = 7858
---------------------------------------------------------------------------------
---------------------------------------------------------------------------------
Start Handling Custom Attributes
---------------------------------------------------------------------------------
---------------------------------------------------------------------------------
Finished Handling Custom Attributes : Time (s): cpu = 00:00:03 ; elapsed = 00:00:04 . Memory (MB): peak = 2656.207 ; gain = 230.469 ; free physical = 1664 ; free virtual = 7867
---------------------------------------------------------------------------------
---------------------------------------------------------------------------------
Finished RTL Optimization Phase 1 : Time (s): cpu = 00:00:03 ; elapsed = 00:00:04 . Memory (MB): peak = 2656.207 ; gain = 230.469 ; free physical = 1664 ; free virtual = 7867
---------------------------------------------------------------------------------
Netlist sorting complete. Time (s): cpu = 00:00:00 ; elapsed = 00:00:00.01 . Memory (MB): peak = 2656.207 ; gain = 0.000 ; free physical = 1656 ; free virtual = 7859
INFO: [Project 1-570] Preparing netlist for logic optimization

Processing XDC Constraints
Initializing timing engine
Parsing XDC File [/home/mconsonni/Desktop/Tesi/Projects/SETUP_DSP_KCU/SETUP_DSP_KCU.gen/sources_1/bd/design_1/ip/design_1_AXI4Stream_OverflowC_0_1/src/timing_ooc.xdc] for cell 'U0'
Finished Parsing XDC File [/home/mconsonni/Desktop/Tesi/Projects/SETUP_DSP_KCU/SETUP_DSP_KCU.gen/sources_1/bd/design_1/ip/design_1_AXI4Stream_OverflowC_0_1/src/timing_ooc.xdc] for cell 'U0'
Parsing XDC File [/home/mconsonni/Desktop/Tesi/Projects/SETUP_DSP_KCU/SETUP_DSP_KCU.runs/design_1_AXI4Stream_OverflowC_0_1_synth_1/dont_touch.xdc]
Finished Parsing XDC File [/home/mconsonni/Desktop/Tesi/Projects/SETUP_DSP_KCU/SETUP_DSP_KCU.runs/design_1_AXI4Stream_OverflowC_0_1_synth_1/dont_touch.xdc]
Completed Processing XDC Constraints

Netlist sorting complete. Time (s): cpu = 00:00:00 ; elapsed = 00:00:00 . Memory (MB): peak = 2812.957 ; gain = 0.000 ; free physical = 1606 ; free virtual = 7810
INFO: [Project 1-111] Unisim Transformation Summary:
No Unisim elements were transformed.

Constraint Validation Runtime : Time (s): cpu = 00:00:00.01 ; elapsed = 00:00:00.01 . Memory (MB): peak = 2812.957 ; gain = 0.000 ; free physical = 1605 ; free virtual = 7809
---------------------------------------------------------------------------------
Finished Constraint Validation : Time (s): cpu = 00:00:06 ; elapsed = 00:00:07 . Memory (MB): peak = 2812.957 ; gain = 387.219 ; free physical = 1615 ; free virtual = 7818
---------------------------------------------------------------------------------
---------------------------------------------------------------------------------
Start Loading Part and Timing Information
---------------------------------------------------------------------------------
Loading part: xcku040-ffva1156-2-e
INFO: [Synth 8-6742] Reading net delay rules and data
---------------------------------------------------------------------------------
Finished Loading Part and Timing Information : Time (s): cpu = 00:00:06 ; elapsed = 00:00:07 . Memory (MB): peak = 2812.957 ; gain = 387.219 ; free physical = 1614 ; free virtual = 7818
---------------------------------------------------------------------------------
---------------------------------------------------------------------------------
Start Applying 'set_property' XDC Constraints
---------------------------------------------------------------------------------
Applied set_property KEEP_HIERARCHY = SOFT for U0. (constraint file  /home/mconsonni/Desktop/Tesi/Projects/SETUP_DSP_KCU/SETUP_DSP_KCU.runs/design_1_AXI4Stream_OverflowC_0_1_synth_1/dont_touch.xdc, line 9).
---------------------------------------------------------------------------------
Finished applying 'set_property' XDC Constraints : Time (s): cpu = 00:00:06 ; elapsed = 00:00:07 . Memory (MB): peak = 2812.957 ; gain = 387.219 ; free physical = 1614 ; free virtual = 7818
---------------------------------------------------------------------------------
---------------------------------------------------------------------------------
Finished RTL Optimization Phase 2 : Time (s): cpu = 00:00:06 ; elapsed = 00:00:07 . Memory (MB): peak = 2812.957 ; gain = 387.219 ; free physical = 1606 ; free virtual = 7810
---------------------------------------------------------------------------------
---------------------------------------------------------------------------------
Start RTL Component Statistics 
---------------------------------------------------------------------------------
Detailed RTL Component Info : 
+---Adders : 
	   2 Input   24 Bit       Adders := 1     
	   2 Input    4 Bit       Adders := 1     
+---Registers : 
	               26 Bit    Registers := 1     
	                4 Bit    Registers := 1     
	                1 Bit    Registers := 1     
+---Muxes : 
	   2 Input   26 Bit        Muxes := 1     
	   2 Input    4 Bit        Muxes := 1     
	   2 Input    1 Bit        Muxes := 6     
---------------------------------------------------------------------------------
Finished RTL Component Statistics 
---------------------------------------------------------------------------------
---------------------------------------------------------------------------------
Start Part Resource Summary
---------------------------------------------------------------------------------
Part Resources:
DSPs: 1920 (col length:120)
BRAMs: 1200 (col length: RAMB18 120 RAMB36 60)
---------------------------------------------------------------------------------
Finished Part Resource Summary
---------------------------------------------------------------------------------
---------------------------------------------------------------------------------
Start Cross Boundary and Area Optimization
---------------------------------------------------------------------------------
---------------------------------------------------------------------------------
Finished Cross Boundary and Area Optimization : Time (s): cpu = 00:00:07 ; elapsed = 00:00:08 . Memory (MB): peak = 2812.957 ; gain = 387.219 ; free physical = 1594 ; free virtual = 7801
---------------------------------------------------------------------------------
---------------------------------------------------------------------------------
Start Applying XDC Timing Constraints
---------------------------------------------------------------------------------
---------------------------------------------------------------------------------
Finished Applying XDC Timing Constraints : Time (s): cpu = 00:00:12 ; elapsed = 00:00:17 . Memory (MB): peak = 2843.582 ; gain = 417.844 ; free physical = 1185 ; free virtual = 7393
---------------------------------------------------------------------------------
---------------------------------------------------------------------------------
Start Timing Optimization
---------------------------------------------------------------------------------
---------------------------------------------------------------------------------
Finished Timing Optimization : Time (s): cpu = 00:00:12 ; elapsed = 00:00:17 . Memory (MB): peak = 2863.613 ; gain = 437.875 ; free physical = 1178 ; free virtual = 7386
---------------------------------------------------------------------------------
---------------------------------------------------------------------------------
Start Technology Mapping
---------------------------------------------------------------------------------
---------------------------------------------------------------------------------
Finished Technology Mapping : Time (s): cpu = 00:00:12 ; elapsed = 00:00:18 . Memory (MB): peak = 2865.629 ; gain = 439.891 ; free physical = 1176 ; free virtual = 7383
---------------------------------------------------------------------------------
---------------------------------------------------------------------------------
Start IO Insertion
---------------------------------------------------------------------------------
---------------------------------------------------------------------------------
Start Flattening Before IO Insertion
---------------------------------------------------------------------------------
---------------------------------------------------------------------------------
Finished Flattening Before IO Insertion
---------------------------------------------------------------------------------
---------------------------------------------------------------------------------
Start Final Netlist Cleanup
---------------------------------------------------------------------------------
---------------------------------------------------------------------------------
Finished Final Netlist Cleanup
---------------------------------------------------------------------------------
---------------------------------------------------------------------------------
Finished IO Insertion : Time (s): cpu = 00:00:14 ; elapsed = 00:00:20 . Memory (MB): peak = 2871.566 ; gain = 445.828 ; free physical = 1290 ; free virtual = 7497
---------------------------------------------------------------------------------
---------------------------------------------------------------------------------
Start Renaming Generated Instances
---------------------------------------------------------------------------------
---------------------------------------------------------------------------------
Finished Renaming Generated Instances : Time (s): cpu = 00:00:14 ; elapsed = 00:00:20 . Memory (MB): peak = 2871.566 ; gain = 445.828 ; free physical = 1290 ; free virtual = 7497
---------------------------------------------------------------------------------
---------------------------------------------------------------------------------
Start Rebuilding User Hierarchy
---------------------------------------------------------------------------------
---------------------------------------------------------------------------------
Finished Rebuilding User Hierarchy : Time (s): cpu = 00:00:14 ; elapsed = 00:00:20 . Memory (MB): peak = 2871.566 ; gain = 445.828 ; free physical = 1290 ; free virtual = 7497
---------------------------------------------------------------------------------
---------------------------------------------------------------------------------
Start Renaming Generated Ports
---------------------------------------------------------------------------------
---------------------------------------------------------------------------------
Finished Renaming Generated Ports : Time (s): cpu = 00:00:14 ; elapsed = 00:00:20 . Memory (MB): peak = 2871.566 ; gain = 445.828 ; free physical = 1290 ; free virtual = 7497
---------------------------------------------------------------------------------
---------------------------------------------------------------------------------
Start Handling Custom Attributes
---------------------------------------------------------------------------------
---------------------------------------------------------------------------------
Finished Handling Custom Attributes : Time (s): cpu = 00:00:14 ; elapsed = 00:00:20 . Memory (MB): peak = 2871.566 ; gain = 445.828 ; free physical = 1290 ; free virtual = 7497
---------------------------------------------------------------------------------
---------------------------------------------------------------------------------
Start Renaming Generated Nets
---------------------------------------------------------------------------------
---------------------------------------------------------------------------------
Finished Renaming Generated Nets : Time (s): cpu = 00:00:14 ; elapsed = 00:00:20 . Memory (MB): peak = 2871.566 ; gain = 445.828 ; free physical = 1290 ; free virtual = 7497
---------------------------------------------------------------------------------
---------------------------------------------------------------------------------
Start Writing Synthesis Report
---------------------------------------------------------------------------------

Report BlackBoxes: 
+-+--------------+----------+
| |BlackBox name |Instances |
+-+--------------+----------+
+-+--------------+----------+

Report Cell Usage: 
+------+-------+------+
|      |Cell   |Count |
+------+-------+------+
|1     |CARRY8 |     6|
|2     |LUT1   |     2|
|3     |LUT2   |     3|
|4     |LUT3   |     2|
|5     |LUT4   |    25|
|6     |LUT6   |     4|
|7     |FDCE   |    29|
|8     |FDRE   |    26|
+------+-------+------+
---------------------------------------------------------------------------------
Finished Writing Synthesis Report : Time (s): cpu = 00:00:14 ; elapsed = 00:00:20 . Memory (MB): peak = 2871.566 ; gain = 445.828 ; free physical = 1290 ; free virtual = 7497
---------------------------------------------------------------------------------
Synthesis finished with 0 errors, 0 critical warnings and 0 warnings.
Synthesis Optimization Runtime : Time (s): cpu = 00:00:14 ; elapsed = 00:00:19 . Memory (MB): peak = 2871.566 ; gain = 289.078 ; free physical = 1311 ; free virtual = 7518
Synthesis Optimization Complete : Time (s): cpu = 00:00:14 ; elapsed = 00:00:20 . Memory (MB): peak = 2871.574 ; gain = 445.828 ; free physical = 1311 ; free virtual = 7518
INFO: [Project 1-571] Translating synthesized netlist
Netlist sorting complete. Time (s): cpu = 00:00:00 ; elapsed = 00:00:00 . Memory (MB): peak = 2881.473 ; gain = 0.000 ; free physical = 1390 ; free virtual = 7597
INFO: [Netlist 29-17] Analyzing 6 Unisim elements for replacement
INFO: [Netlist 29-28] Unisim Transformation completed in 0 CPU seconds
INFO: [Project 1-570] Preparing netlist for logic optimization
INFO: [Opt 31-138] Pushed 0 inverter(s) to 0 load pin(s).
Netlist sorting complete. Time (s): cpu = 00:00:00 ; elapsed = 00:00:00 . Memory (MB): peak = 2929.332 ; gain = 0.000 ; free physical = 1344 ; free virtual = 7551
INFO: [Project 1-111] Unisim Transformation Summary:
No Unisim elements were transformed.

INFO: [Common 17-83] Releasing license: Synthesis
30 Infos, 0 Warnings, 0 Critical Warnings and 0 Errors encountered.
synth_design completed successfully
synth_design: Time (s): cpu = 00:00:22 ; elapsed = 00:00:25 . Memory (MB): peak = 2929.332 ; gain = 511.762 ; free physical = 1485 ; free virtual = 7693
INFO: [Common 17-1381] The checkpoint '/home/mconsonni/Desktop/Tesi/Projects/SETUP_DSP_KCU/SETUP_DSP_KCU.runs/design_1_AXI4Stream_OverflowC_0_1_synth_1/design_1_AXI4Stream_OverflowC_0_1.dcp' has been generated.
WARNING: [Common 17-576] 'use_project_ipc' is deprecated. This option is deprecated and no longer used.
INFO: [Coretcl 2-1648] Added synthesis output to IP cache for IP design_1_AXI4Stream_OverflowC_0_1, cache-ID = ffba9e0cf0e5d4bc
INFO: [Coretcl 2-1174] Renamed 3 cell refs.
INFO: [Common 17-1381] The checkpoint '/home/mconsonni/Desktop/Tesi/Projects/SETUP_DSP_KCU/SETUP_DSP_KCU.runs/design_1_AXI4Stream_OverflowC_0_1_synth_1/design_1_AXI4Stream_OverflowC_0_1.dcp' has been generated.
INFO: [runtcl-4] Executing : report_utilization -file design_1_AXI4Stream_OverflowC_0_1_utilization_synth.rpt -pb design_1_AXI4Stream_OverflowC_0_1_utilization_synth.pb
INFO: [Common 17-206] Exiting Vivado at Fri Apr 22 15:31:09 2022...
