Copyright 1986-2020 Xilinx, Inc. All Rights Reserved.
-----------------------------------------------------------------------------------------------------------------------------
| Tool Version : Vivado v.2020.2 (lin64) Build 3064766 Wed Nov 18 09:12:47 MST 2020
| Date         : Mon May  2 17:18:00 2022
| Host         : mconsonni-All-Series running 64-bit Ubuntu 20.04.4 LTS
| Command      : report_utilization -file design_1_wrapper_utilization_placed.rpt -pb design_1_wrapper_utilization_placed.pb
| Design       : design_1_wrapper
| Device       : xcku040ffva1156-2
| Design State : Fully Placed
-----------------------------------------------------------------------------------------------------------------------------

Utilization Design Information

Table of Contents
-----------------
1. CLB Logic
1.1 Summary of Registers by Type
2. CLB Logic Distribution
3. BLOCKRAM
4. ARITHMETIC
5. I/O
6. CLOCK
7. ADVANCED
8. CONFIGURATION
9. Primitives
10. Black Boxes
11. Instantiated Netlists

1. CLB Logic
------------

+----------------------------+-------+-------+-----------+-------+
|          Site Type         |  Used | Fixed | Available | Util% |
+----------------------------+-------+-------+-----------+-------+
| CLB LUTs                   | 30582 |     0 |    242400 | 12.62 |
|   LUT as Logic             | 29259 |     0 |    242400 | 12.07 |
|   LUT as Memory            |  1323 |     0 |    112800 |  1.17 |
|     LUT as Distributed RAM |   882 |     0 |           |       |
|     LUT as Shift Register  |   441 |     0 |           |       |
| CLB Registers              | 41592 |     0 |    484800 |  8.58 |
|   Register as Flip Flop    | 41527 |     0 |    484800 |  8.57 |
|   Register as Latch        |    65 |     0 |    484800 |  0.01 |
| CARRY8                     |  1192 |     0 |     30300 |  3.93 |
| F7 Muxes                   |   571 |     0 |    121200 |  0.47 |
| F8 Muxes                   |   105 |     0 |     60600 |  0.17 |
| F9 Muxes                   |     0 |     0 |     30300 |  0.00 |
+----------------------------+-------+-------+-----------+-------+


1.1 Summary of Registers by Type
--------------------------------

+-------+--------------+-------------+--------------+
| Total | Clock Enable | Synchronous | Asynchronous |
+-------+--------------+-------------+--------------+
| 0     |            _ |           - |            - |
| 0     |            _ |           - |          Set |
| 0     |            _ |           - |        Reset |
| 0     |            _ |         Set |            - |
| 0     |            _ |       Reset |            - |
| 0     |          Yes |           - |            - |
| 8     |          Yes |           - |          Set |
| 19612 |          Yes |           - |        Reset |
| 713   |          Yes |         Set |            - |
| 21259 |          Yes |       Reset |            - |
+-------+--------------+-------------+--------------+


2. CLB Logic Distribution
-------------------------

+--------------------------------------------+-------+-------+-----------+-------+
|                  Site Type                 |  Used | Fixed | Available | Util% |
+--------------------------------------------+-------+-------+-----------+-------+
| CLB                                        |  6421 |     0 |     30300 | 21.19 |
|   CLBL                                     |  3744 |     0 |           |       |
|   CLBM                                     |  2677 |     0 |           |       |
| LUT as Logic                               | 29259 |     0 |    242400 | 12.07 |
|   using O5 output only                     |   702 |       |           |       |
|   using O6 output only                     | 18435 |       |           |       |
|   using O5 and O6                          | 10122 |       |           |       |
| LUT as Memory                              |  1323 |     0 |    112800 |  1.17 |
|   LUT as Distributed RAM                   |   882 |     0 |           |       |
|     using O5 output only                   |     0 |       |           |       |
|     using O6 output only                   |   424 |       |           |       |
|     using O5 and O6                        |   458 |       |           |       |
|   LUT as Shift Register                    |   441 |     0 |           |       |
|     using O5 output only                   |     0 |       |           |       |
|     using O6 output only                   |   344 |       |           |       |
|     using O5 and O6                        |    97 |       |           |       |
| CLB Registers                              | 41592 |     0 |    484800 |  8.58 |
|   Register driven from within the CLB      | 32000 |       |           |       |
|   Register driven from outside the CLB     |  9592 |       |           |       |
|     LUT in front of the register is unused |  6012 |       |           |       |
|     LUT in front of the register is used   |  3580 |       |           |       |
| Unique Control Sets                        |  1159 |       |     60600 |  1.91 |
+--------------------------------------------+-------+-------+-----------+-------+
* * Note: Available Control Sets calculated as Slices * 2, Review the Control Sets Report for more information regarding control sets.


3. BLOCKRAM
-----------

+-------------------+------+-------+-----------+-------+
|     Site Type     | Used | Fixed | Available | Util% |
+-------------------+------+-------+-----------+-------+
| Block RAM Tile    | 60.5 |     0 |       600 | 10.08 |
|   RAMB36/FIFO*    |   56 |     0 |       600 |  9.33 |
|     RAMB36E2 only |   56 |       |           |       |
|   RAMB18          |    9 |     0 |      1200 |  0.75 |
|     RAMB18E2 only |    9 |       |           |       |
+-------------------+------+-------+-----------+-------+
* Note: Each Block RAM Tile only has one FIFO logic available and therefore can accommodate only one FIFO36E2 or one FIFO18E2. However, if a FIFO18E2 occupies a Block RAM Tile, that tile can still accommodate a RAMB18E2


4. ARITHMETIC
-------------

+----------------+------+-------+-----------+-------+
|    Site Type   | Used | Fixed | Available | Util% |
+----------------+------+-------+-----------+-------+
| DSPs           |   85 |     0 |      1920 |  4.43 |
|   DSP48E2 only |   85 |       |           |       |
+----------------+------+-------+-----------+-------+


5. I/O
------

+------------------+------+-------+-----------+-------+
|     Site Type    | Used | Fixed | Available | Util% |
+------------------+------+-------+-----------+-------+
| Bonded IOB       |   11 |    11 |       520 |  2.12 |
| HPIOB            |    2 |     2 |       416 |  0.48 |
|   INPUT          |    2 |       |           |       |
|   OUTPUT         |    0 |       |           |       |
|   BIDIR          |    0 |       |           |       |
| HRIO             |    9 |     9 |       104 |  8.65 |
|   INPUT          |    1 |       |           |       |
|   OUTPUT         |    1 |       |           |       |
|   BIDIR          |    7 |       |           |       |
| HPIOBDIFFINBUF   |    1 |     1 |       192 |  0.52 |
|   DIFFINBUF      |    1 |     1 |           |       |
| HPIOBDIFFOUTBUF  |    0 |     0 |       192 |  0.00 |
| HRIODIFFINBUF    |    0 |     0 |        48 |  0.00 |
| HRIODIFFOUTBUF   |    0 |     0 |        48 |  0.00 |
| BITSLICE_CONTROL |    0 |     0 |        80 |  0.00 |
| BITSLICE_RX_TX   |    0 |     0 |       520 |  0.00 |
| BITSLICE_TX      |    0 |     0 |        80 |  0.00 |
| RIU_OR           |    0 |     0 |        40 |  0.00 |
+------------------+------+-------+-----------+-------+


6. CLOCK
--------

+----------------------+------+-------+-----------+-------+
|       Site Type      | Used | Fixed | Available | Util% |
+----------------------+------+-------+-----------+-------+
| GLOBAL CLOCK BUFFERs |    6 |     0 |       480 |  1.25 |
|   BUFGCE             |    6 |     0 |       240 |  2.50 |
|   BUFGCE_DIV         |    0 |     0 |        40 |  0.00 |
|   BUFG_GT            |    0 |     0 |       120 |  0.00 |
|   BUFGCTRL*          |    0 |     0 |        80 |  0.00 |
| PLLE3_ADV            |    0 |     0 |        20 |  0.00 |
| MMCME3_ADV           |    1 |     0 |        10 | 10.00 |
+----------------------+------+-------+-----------+-------+
* Note: Each used BUFGCTRL counts as two GLOBAL CLOCK BUFFERs. This table does not include global clocking resources, only buffer cell usage. See the Clock Utilization Report (report_clock_utilization) for detailed accounting of global clocking resource availability.


7. ADVANCED
-----------

+-----------------+------+-------+-----------+--------+
|    Site Type    | Used | Fixed | Available |  Util% |
+-----------------+------+-------+-----------+--------+
| GTHE3_CHANNEL   |    0 |     0 |        20 |   0.00 |
| GTHE3_COMMON    |    0 |     0 |         5 |   0.00 |
| IBUFDS_GTE3     |    0 |     0 |        10 |   0.00 |
| OBUFDS_GTE3     |    0 |     0 |        10 |   0.00 |
| OBUFDS_GTE3_ADV |    0 |     0 |        10 |   0.00 |
| PCIE_3_1        |    0 |     0 |         3 |   0.00 |
| SYSMONE1        |    1 |     1 |         1 | 100.00 |
+-----------------+------+-------+-----------+--------+


8. CONFIGURATION
----------------

+-------------+------+-------+-----------+--------+
|  Site Type  | Used | Fixed | Available |  Util% |
+-------------+------+-------+-----------+--------+
| BSCANE2     |    0 |     0 |         4 |   0.00 |
| DNA_PORTE2  |    0 |     0 |         1 |   0.00 |
| EFUSE_USR   |    0 |     0 |         1 |   0.00 |
| FRAME_ECCE3 |    0 |     0 |         1 |   0.00 |
| ICAPE3      |    0 |     0 |         2 |   0.00 |
| MASTER_JTAG |    0 |     0 |         1 |   0.00 |
| STARTUPE3   |    1 |     0 |         1 | 100.00 |
+-------------+------+-------+-----------+--------+


9. Primitives
-------------

+------------+-------+---------------------+
|  Ref Name  |  Used | Functional Category |
+------------+-------+---------------------+
| FDRE       | 21259 |            Register |
| FDCE       | 19547 |            Register |
| LUT2       | 12986 |                 CLB |
| LUT6       |  9339 |                 CLB |
| LUT4       |  8243 |                 CLB |
| LUT3       |  4450 |                 CLB |
| LUT5       |  3530 |                 CLB |
| CARRY8     |  1192 |                 CLB |
| LUT1       |   833 |                 CLB |
| RAMD32     |   798 |                 CLB |
| FDSE       |   713 |            Register |
| MUXF7      |   571 |                 CLB |
| RAMD64E    |   424 |                 CLB |
| SRL16E     |   361 |                 CLB |
| SRLC32E    |   177 |                 CLB |
| RAMS32     |   118 |                 CLB |
| MUXF8      |   105 |                 CLB |
| DSP48E2    |    85 |          Arithmetic |
| LDCE       |    65 |            Register |
| RAMB36E2   |    56 |            BLOCKRAM |
| RAMB18E2   |     9 |            BLOCKRAM |
| IBUFCTRL   |     9 |              Others |
| INBUF      |     8 |                 I/O |
| FDPE       |     8 |            Register |
| OBUFT      |     7 |                 I/O |
| BUFGCE     |     6 |               Clock |
| SYSMONE1   |     1 |            Advanced |
| STARTUPE3  |     1 |       Configuration |
| OBUF       |     1 |                 I/O |
| MMCME3_ADV |     1 |               Clock |
| DIFFINBUF  |     1 |                 I/O |
+------------+-------+---------------------+


10. Black Boxes
---------------

+----------+------+
| Ref Name | Used |
+----------+------+


11. Instantiated Netlists
-------------------------

+--------------------------------------+------+
|               Ref Name               | Used |
+--------------------------------------+------+
| design_1_xbar_1                      |    1 |
| design_1_xbar_0                      |    1 |
| design_1_util_vector_logic_0_0       |    1 |
| design_1_system_management_wiz_0_0   |    1 |
| design_1_proc_sys_reset_1_0          |    1 |
| design_1_clk_wiz_0_0                 |    1 |
| design_1_blk_mem_gen_0_0             |    1 |
| design_1_axis_broadcaster_1_0        |    1 |
| design_1_axis_broadcaster_0_1        |    1 |
| design_1_axis_broadcaster_0_0        |    1 |
| design_1_axi_quad_spi_0_0            |    1 |
| design_1_axi_iic_0_0                 |    1 |
| design_1_axi_bram_ctrl_0_0           |    1 |
| design_1_auto_ss_slidr_0             |    1 |
| design_1_auto_pc_3                   |    1 |
| design_1_auto_pc_2                   |    1 |
| design_1_auto_pc_1                   |    1 |
| design_1_auto_pc_0                   |    1 |
| design_1_TDCChannelSlice_2_0         |    1 |
| design_1_TDCChannelSlice_1_0         |    1 |
| design_1_TDCChannelSlice_0_0         |    1 |
| design_1_StartStopGenerator_0_0      |    1 |
| design_1_MME_0_0                     |    1 |
| design_1_CoarseTreeDistributor_0_0   |    1 |
| design_1_BeltBus_TTM_0_0             |    1 |
| design_1_BeltBus_TDCHistogrammer_1_0 |    1 |
| design_1_BeltBus_TDCHistogrammer_0_0 |    1 |
| design_1_BeltBus_TDCCounter_0_0      |    1 |
| design_1_BeltBus_NodeInserter_0_5    |    1 |
| design_1_BeltBus_NodeInserter_0_4    |    1 |
| design_1_BeltBus_NodeInserter_0_3    |    1 |
| design_1_AXI4_TDC_Wrapper_0_0        |    1 |
| design_1_AXI4_BitstreamUpdater_0_0   |    1 |
| design_1_AXI4_AXIToIIC_0_0           |    1 |
| design_1_AXI4Stream_UART_1_0         |    1 |
| design_1_AXI4Stream_Synchroni_0_2    |    1 |
| design_1_AXI4Stream_Synchroni_0_1    |    1 |
| design_1_AXI4Stream_Synchroni_0_0    |    1 |
| design_1_AXI4Stream_QSPI_Prog_0_0    |    1 |
| design_1_AXI4Stream_PeriodMet_0_0    |    1 |
| design_1_AXI4Stream_OverflowC_0_2    |    1 |
| design_1_AXI4Stream_OverflowC_0_1    |    1 |
| design_1_AXI4Stream_OverflowC_0_0    |    1 |
| design_1_AXI4Stream_MuxDebugg_0_0    |    1 |
| design_1_AXI4Stream_MagicCali_0_2    |    1 |
| design_1_AXI4Stream_MagicCali_0_1    |    1 |
| design_1_AXI4Stream_MagicCali_0_0    |    1 |
| design_1_AXI4Stream_IperDecod_0_2    |    1 |
| design_1_AXI4Stream_IperDecod_0_1    |    1 |
| design_1_AXI4Stream_IperDecod_0_0    |    1 |
| design_1_AXI4Stream_HybridTDL_0_2    |    1 |
| design_1_AXI4Stream_HybridTDL_0_1    |    1 |
| design_1_AXI4Stream_HybridTDL_0_0    |    1 |
| design_1_AXI4Stream_CoarseExt_0_2    |    1 |
| design_1_AXI4Stream_CoarseExt_0_1    |    1 |
| design_1_AXI4Stream_CoarseExt_0_0    |    1 |
+--------------------------------------+------+


