
*** Running vivado
    with args -log design_1_StartStopGenerator_0_0.vds -m64 -product Vivado -mode batch -messageDb vivado.pb -notrace -source design_1_StartStopGenerator_0_0.tcl


****** Vivado v2020.2 (64-bit)
  **** SW Build 3064766 on Wed Nov 18 09:12:47 MST 2020
  **** IP Build 3064653 on Wed Nov 18 14:17:31 MST 2020
    ** Copyright 1986-2020 Xilinx, Inc. All Rights Reserved.

source design_1_StartStopGenerator_0_0.tcl -notrace
WARNING: [Common 17-1361] You have specified a new message control rule that is equivalent to an existing rule with attributes ' -id {[BD 41-1306]}  -suppress '. The existing rule will be replaced.
WARNING: [Common 17-1361] You have specified a new message control rule that is equivalent to an existing rule with attributes ' -id {[BD 41-1271]}  -suppress '. The existing rule will be replaced.
INFO: [IP_Flow 19-234] Refreshing IP repositories
INFO: [IP_Flow 19-1700] Loaded user IP repository '/home/mconsonni/Utility_Ip_Core'.
INFO: [IP_Flow 19-2313] Loaded Vivado IP repository '/opt/Xilinx/Vivado/2020.2/data/ip'.
Command: synth_design -top design_1_StartStopGenerator_0_0 -part xcku040-ffva1156-2-e -mode out_of_context
Starting synth_design
Attempting to get a license for feature 'Synthesis' and/or device 'xcku040'
INFO: [Common 17-349] Got license for feature 'Synthesis' and/or device 'xcku040'
INFO: [Common 17-1540] The version limit for your license is '2021.05' and has expired for new software. A version limit expiration means that, although you may be able to continue to use the current version of tools or IP with this license, you will not be eligible for any updates or new releases.
INFO: [Device 21-403] Loading part xcku040-ffva1156-2-e
INFO: [Synth 8-7079] Multithreading enabled for synth_design using a maximum of 4 processes.
INFO: [Synth 8-7078] Launching helper process for spawning children vivado processes
INFO: [Synth 8-7075] Helper process launched with PID 115883
---------------------------------------------------------------------------------
Starting RTL Elaboration : Time (s): cpu = 00:00:02 ; elapsed = 00:00:03 . Memory (MB): peak = 2595.453 ; gain = 169.719 ; free physical = 1041 ; free virtual = 6763
---------------------------------------------------------------------------------
INFO: [Synth 8-638] synthesizing module 'design_1_StartStopGenerator_0_0' [/home/mconsonni/Desktop/Tesi/Projects/SETUP_DSP_KCU/SETUP_DSP_KCU.gen/sources_1/bd/design_1/ip/design_1_StartStopGenerator_0_0/synth/design_1_StartStopGenerator_0_0.vhd:64]
	Parameter NUM_CARRY_BLOCK bound to: 8 - type: integer 
	Parameter TUNING_MODE bound to: 0 - type: bool 
	Parameter HALF_DIVIDER bound to: 5 - type: integer 
	Parameter DIVIDER_INIT bound to: 15 - type: integer 
	Parameter CLK_SELECT bound to: RING OSCILLATOR - type: string 
	Parameter START_STOP_DALAY_NUM_CARRY_BLOCK bound to: 4 - type: integer 
INFO: [Synth 8-3491] module 'StartStopGenerator' declared at '/home/mconsonni/Desktop/Tesi/Projects/SETUP_DSP_KCU/SETUP_DSP_KCU.gen/sources_1/bd/design_1/ipshared/2455/hdl/StartStopGenerator.vhd:78' bound to instance 'U0' of component 'StartStopGenerator' [/home/mconsonni/Desktop/Tesi/Projects/SETUP_DSP_KCU/SETUP_DSP_KCU.gen/sources_1/bd/design_1/ip/design_1_StartStopGenerator_0_0/synth/design_1_StartStopGenerator_0_0.vhd:95]
INFO: [Synth 8-256] done synthesizing module 'design_1_StartStopGenerator_0_0' (6#1) [/home/mconsonni/Desktop/Tesi/Projects/SETUP_DSP_KCU/SETUP_DSP_KCU.gen/sources_1/bd/design_1/ip/design_1_StartStopGenerator_0_0/synth/design_1_StartStopGenerator_0_0.vhd:64]
---------------------------------------------------------------------------------
Finished RTL Elaboration : Time (s): cpu = 00:00:03 ; elapsed = 00:00:04 . Memory (MB): peak = 2641.359 ; gain = 215.625 ; free physical = 2441 ; free virtual = 8164
---------------------------------------------------------------------------------
---------------------------------------------------------------------------------
Start Handling Custom Attributes
---------------------------------------------------------------------------------
---------------------------------------------------------------------------------
Finished Handling Custom Attributes : Time (s): cpu = 00:00:03 ; elapsed = 00:00:04 . Memory (MB): peak = 2656.203 ; gain = 230.469 ; free physical = 2487 ; free virtual = 8210
---------------------------------------------------------------------------------
---------------------------------------------------------------------------------
Finished RTL Optimization Phase 1 : Time (s): cpu = 00:00:03 ; elapsed = 00:00:04 . Memory (MB): peak = 2656.203 ; gain = 230.469 ; free physical = 2487 ; free virtual = 8210
---------------------------------------------------------------------------------
Netlist sorting complete. Time (s): cpu = 00:00:00 ; elapsed = 00:00:00 . Memory (MB): peak = 2668.109 ; gain = 0.000 ; free physical = 2540 ; free virtual = 8263
INFO: [Netlist 29-17] Analyzing 12 Unisim elements for replacement
INFO: [Netlist 29-28] Unisim Transformation completed in 0 CPU seconds
INFO: [Project 1-570] Preparing netlist for logic optimization

Processing XDC Constraints
Initializing timing engine
Completed Processing XDC Constraints

Netlist sorting complete. Time (s): cpu = 00:00:00 ; elapsed = 00:00:00 . Memory (MB): peak = 2797.141 ; gain = 0.000 ; free physical = 2504 ; free virtual = 8227
INFO: [Project 1-111] Unisim Transformation Summary:
No Unisim elements were transformed.

Constraint Validation Runtime : Time (s): cpu = 00:00:00.01 ; elapsed = 00:00:00.01 . Memory (MB): peak = 2820.953 ; gain = 23.812 ; free physical = 2503 ; free virtual = 8226
---------------------------------------------------------------------------------
Finished Constraint Validation : Time (s): cpu = 00:00:06 ; elapsed = 00:00:07 . Memory (MB): peak = 2820.953 ; gain = 395.219 ; free physical = 2498 ; free virtual = 8220
---------------------------------------------------------------------------------
---------------------------------------------------------------------------------
Start Loading Part and Timing Information
---------------------------------------------------------------------------------
Loading part: xcku040-ffva1156-2-e
INFO: [Synth 8-6742] Reading net delay rules and data
---------------------------------------------------------------------------------
Finished Loading Part and Timing Information : Time (s): cpu = 00:00:06 ; elapsed = 00:00:07 . Memory (MB): peak = 2820.953 ; gain = 395.219 ; free physical = 2498 ; free virtual = 8220
---------------------------------------------------------------------------------
---------------------------------------------------------------------------------
Start Applying 'set_property' XDC Constraints
---------------------------------------------------------------------------------
---------------------------------------------------------------------------------
Finished applying 'set_property' XDC Constraints : Time (s): cpu = 00:00:06 ; elapsed = 00:00:07 . Memory (MB): peak = 2820.953 ; gain = 395.219 ; free physical = 2497 ; free virtual = 8220
---------------------------------------------------------------------------------
---------------------------------------------------------------------------------
Finished RTL Optimization Phase 2 : Time (s): cpu = 00:00:06 ; elapsed = 00:00:07 . Memory (MB): peak = 2820.953 ; gain = 395.219 ; free physical = 2483 ; free virtual = 8206
---------------------------------------------------------------------------------
---------------------------------------------------------------------------------
Start RTL Component Statistics 
---------------------------------------------------------------------------------
Detailed RTL Component Info : 
+---Adders : 
	   2 Input   16 Bit       Adders := 1     
	   2 Input    3 Bit       Adders := 1     
+---Registers : 
	               16 Bit    Registers := 2     
	                3 Bit    Registers := 1     
	                1 Bit    Registers := 2     
+---Muxes : 
	   2 Input   16 Bit        Muxes := 1     
	   2 Input    3 Bit        Muxes := 1     
	   2 Input    1 Bit        Muxes := 1     
---------------------------------------------------------------------------------
Finished RTL Component Statistics 
---------------------------------------------------------------------------------
---------------------------------------------------------------------------------
Start Part Resource Summary
---------------------------------------------------------------------------------
Part Resources:
DSPs: 1920 (col length:120)
BRAMs: 1200 (col length: RAMB18 120 RAMB36 60)
---------------------------------------------------------------------------------
Finished Part Resource Summary
---------------------------------------------------------------------------------
---------------------------------------------------------------------------------
Start Cross Boundary and Area Optimization
---------------------------------------------------------------------------------
---------------------------------------------------------------------------------
Finished Cross Boundary and Area Optimization : Time (s): cpu = 00:00:07 ; elapsed = 00:00:08 . Memory (MB): peak = 2820.953 ; gain = 395.219 ; free physical = 2493 ; free virtual = 8220
---------------------------------------------------------------------------------
---------------------------------------------------------------------------------
Start Applying XDC Timing Constraints
---------------------------------------------------------------------------------
---------------------------------------------------------------------------------
Finished Applying XDC Timing Constraints : Time (s): cpu = 00:00:12 ; elapsed = 00:00:18 . Memory (MB): peak = 2839.750 ; gain = 414.016 ; free physical = 2031 ; free virtual = 7795
---------------------------------------------------------------------------------
---------------------------------------------------------------------------------
Start Timing Optimization
---------------------------------------------------------------------------------
---------------------------------------------------------------------------------
Finished Timing Optimization : Time (s): cpu = 00:00:12 ; elapsed = 00:00:18 . Memory (MB): peak = 2839.750 ; gain = 414.016 ; free physical = 2031 ; free virtual = 7795
---------------------------------------------------------------------------------
---------------------------------------------------------------------------------
Start Technology Mapping
---------------------------------------------------------------------------------
---------------------------------------------------------------------------------
Finished Technology Mapping : Time (s): cpu = 00:00:12 ; elapsed = 00:00:18 . Memory (MB): peak = 2858.781 ; gain = 433.047 ; free physical = 2029 ; free virtual = 7793
---------------------------------------------------------------------------------
---------------------------------------------------------------------------------
Start IO Insertion
---------------------------------------------------------------------------------
---------------------------------------------------------------------------------
Start Flattening Before IO Insertion
---------------------------------------------------------------------------------
---------------------------------------------------------------------------------
Finished Flattening Before IO Insertion
---------------------------------------------------------------------------------
---------------------------------------------------------------------------------
Start Final Netlist Cleanup
---------------------------------------------------------------------------------
---------------------------------------------------------------------------------
Finished Final Netlist Cleanup
---------------------------------------------------------------------------------
---------------------------------------------------------------------------------
Finished IO Insertion : Time (s): cpu = 00:00:14 ; elapsed = 00:00:20 . Memory (MB): peak = 2864.719 ; gain = 438.984 ; free physical = 1970 ; free virtual = 7734
---------------------------------------------------------------------------------
---------------------------------------------------------------------------------
Start Renaming Generated Instances
---------------------------------------------------------------------------------
---------------------------------------------------------------------------------
Finished Renaming Generated Instances : Time (s): cpu = 00:00:14 ; elapsed = 00:00:20 . Memory (MB): peak = 2864.719 ; gain = 438.984 ; free physical = 1970 ; free virtual = 7734
---------------------------------------------------------------------------------
---------------------------------------------------------------------------------
Start Rebuilding User Hierarchy
---------------------------------------------------------------------------------
---------------------------------------------------------------------------------
Finished Rebuilding User Hierarchy : Time (s): cpu = 00:00:14 ; elapsed = 00:00:20 . Memory (MB): peak = 2864.719 ; gain = 438.984 ; free physical = 1970 ; free virtual = 7734
---------------------------------------------------------------------------------
---------------------------------------------------------------------------------
Start Renaming Generated Ports
---------------------------------------------------------------------------------
---------------------------------------------------------------------------------
Finished Renaming Generated Ports : Time (s): cpu = 00:00:14 ; elapsed = 00:00:20 . Memory (MB): peak = 2864.719 ; gain = 438.984 ; free physical = 1970 ; free virtual = 7734
---------------------------------------------------------------------------------
---------------------------------------------------------------------------------
Start Handling Custom Attributes
---------------------------------------------------------------------------------
---------------------------------------------------------------------------------
Finished Handling Custom Attributes : Time (s): cpu = 00:00:14 ; elapsed = 00:00:20 . Memory (MB): peak = 2864.719 ; gain = 438.984 ; free physical = 1969 ; free virtual = 7734
---------------------------------------------------------------------------------
---------------------------------------------------------------------------------
Start Renaming Generated Nets
---------------------------------------------------------------------------------
---------------------------------------------------------------------------------
Finished Renaming Generated Nets : Time (s): cpu = 00:00:14 ; elapsed = 00:00:20 . Memory (MB): peak = 2864.719 ; gain = 438.984 ; free physical = 1969 ; free virtual = 7734
---------------------------------------------------------------------------------
---------------------------------------------------------------------------------
Start Writing Synthesis Report
---------------------------------------------------------------------------------

Report BlackBoxes: 
+-+--------------+----------+
| |BlackBox name |Instances |
+-+--------------+----------+
+-+--------------+----------+

Report Cell Usage: 
+------+-------+------+
|      |Cell   |Count |
+------+-------+------+
|1     |CARRY4 |    12|
|2     |LUT1   |     1|
|3     |LUT2   |     3|
|4     |LUT3   |     3|
|5     |LUT4   |     7|
|6     |LUT5   |     5|
|7     |LUT6   |    11|
|8     |FDCE   |    20|
|9     |FDPE   |     1|
+------+-------+------+
---------------------------------------------------------------------------------
Finished Writing Synthesis Report : Time (s): cpu = 00:00:14 ; elapsed = 00:00:20 . Memory (MB): peak = 2864.719 ; gain = 438.984 ; free physical = 1969 ; free virtual = 7734
---------------------------------------------------------------------------------
Synthesis finished with 0 errors, 0 critical warnings and 0 warnings.
Synthesis Optimization Runtime : Time (s): cpu = 00:00:14 ; elapsed = 00:00:19 . Memory (MB): peak = 2864.719 ; gain = 274.234 ; free physical = 1993 ; free virtual = 7757
Synthesis Optimization Complete : Time (s): cpu = 00:00:14 ; elapsed = 00:00:20 . Memory (MB): peak = 2864.727 ; gain = 438.984 ; free physical = 1993 ; free virtual = 7757
INFO: [Project 1-571] Translating synthesized netlist
Netlist sorting complete. Time (s): cpu = 00:00:00 ; elapsed = 00:00:00 . Memory (MB): peak = 2864.727 ; gain = 0.000 ; free physical = 1987 ; free virtual = 7751
INFO: [Netlist 29-17] Analyzing 12 Unisim elements for replacement
INFO: [Netlist 29-28] Unisim Transformation completed in 0 CPU seconds
INFO: [Project 1-570] Preparing netlist for logic optimization
INFO: [Opt 31-138] Pushed 0 inverter(s) to 0 load pin(s).
Netlist sorting complete. Time (s): cpu = 00:00:00 ; elapsed = 00:00:00 . Memory (MB): peak = 2926.453 ; gain = 0.000 ; free physical = 2022 ; free virtual = 7787
INFO: [Project 1-111] Unisim Transformation Summary:
  A total of 6 instances were transformed.
  (CARRY4) => CARRY8: 6 instances

INFO: [Common 17-83] Releasing license: Synthesis
24 Infos, 2 Warnings, 0 Critical Warnings and 0 Errors encountered.
synth_design completed successfully
synth_design: Time (s): cpu = 00:00:21 ; elapsed = 00:00:25 . Memory (MB): peak = 2926.453 ; gain = 508.887 ; free physical = 2161 ; free virtual = 7926
INFO: [Common 17-1381] The checkpoint '/home/mconsonni/Desktop/Tesi/Projects/SETUP_DSP_KCU/SETUP_DSP_KCU.runs/design_1_StartStopGenerator_0_0_synth_1/design_1_StartStopGenerator_0_0.dcp' has been generated.
WARNING: [Common 17-576] 'use_project_ipc' is deprecated. This option is deprecated and no longer used.
INFO: [Coretcl 2-1648] Added synthesis output to IP cache for IP design_1_StartStopGenerator_0_0, cache-ID = 0fe55e43b5cf59fd
INFO: [Coretcl 2-1174] Renamed 6 cell refs.
INFO: [Common 17-1381] The checkpoint '/home/mconsonni/Desktop/Tesi/Projects/SETUP_DSP_KCU/SETUP_DSP_KCU.runs/design_1_StartStopGenerator_0_0_synth_1/design_1_StartStopGenerator_0_0.dcp' has been generated.
INFO: [runtcl-4] Executing : report_utilization -file design_1_StartStopGenerator_0_0_utilization_synth.rpt -pb design_1_StartStopGenerator_0_0_utilization_synth.pb
INFO: [Common 17-206] Exiting Vivado at Fri Apr 29 11:13:57 2022...
